#
# There is insufficient memory for the Java Runtime Environment to continue.
# Native memory allocation (malloc) failed to allocate 356064 bytes for Chunk::new
# Possible reasons:
#   The system is out of physical RAM or swap space
#   The process is running with CompressedOops enabled, and the Java Heap may be blocking the growth of the native heap
# Possible solutions:
#   Reduce memory load on the system
#   Increase physical memory or swap space
#   Check if swap backing store is full
#   Decrease Java heap size (-Xmx/-Xms)
#   Decrease number of Java threads
#   Decrease Java thread stack sizes (-Xss)
#   Set larger code cache with -XX:ReservedCodeCacheSize=
#   JVM is running with Unscaled Compressed Oops mode in which the Java heap is
#     placed in the first 4GB address space. The Java Heap base address is the
#     maximum limit for the native heap growth. Please use -XX:HeapBaseMinAddress
#     to set the Java Heap base and to place the Java Heap above 4GB virtual address.
# This output file may be truncated or incomplete.
#
#  Out of Memory Error (arena.cpp:189), pid=7304, tid=10300
#
# JRE version: OpenJDK Runtime Environment Corretto-17.0.6.10.1 (17.0.6+10) (build 17.0.6+10-LTS)
# Java VM: OpenJDK 64-Bit Server VM Corretto-17.0.6.10.1 (17.0.6+10-LTS, mixed mode, sharing, tiered, compressed oops, compressed class ptrs, g1 gc, windows-amd64)
# No core dump will be written. Minidumps are not enabled by default on client versions of Windows
#

---------------  S U M M A R Y ------------

Command Line: -Xmx64m -Xms64m -Dorg.gradle.appname=gradlew org.gradle.wrapper.GradleWrapperMain build

Host: AMD Turion(tm) II P520 Dual-Core Processor, 2 cores, 5G,  Windows 10 , 64 bit Build 17763 (10.0.17763.1)
Time: Sun Feb 19 20:17:39 2023 RTZ 4 (зима) elapsed time: 2.764050 seconds (0d 0h 0m 2s)

---------------  T H R E A D  ---------------

Current thread (0x000001a31f61a9b0):  JavaThread "C2 CompilerThread0" daemon [_thread_in_native, id=10300, stack(0x000000030bc00000,0x000000030bd00000)]


Current CompileTask:
C2:   2764  622       4       java.util.HashMap::putVal (300 bytes)

Stack: [0x000000030bc00000,0x000000030bd00000]
Native frames: (J=compiled Java code, j=interpreted, Vv=VM code, C=native code)
V  [jvm.dll+0x64b39a]
V  [jvm.dll+0x7ff044]
V  [jvm.dll+0x8007fe]
V  [jvm.dll+0x800e53]
V  [jvm.dll+0x235848]
V  [jvm.dll+0xbce6c]
V  [jvm.dll+0xbd44c]
V  [jvm.dll+0x34f2a7]
V  [jvm.dll+0x319ccf]
V  [jvm.dll+0x31910a]
V  [jvm.dll+0x209ca5]
V  [jvm.dll+0x209237]
V  [jvm.dll+0x19926d]
V  [jvm.dll+0x2185dd]
V  [jvm.dll+0x216824]
V  [jvm.dll+0x7b77bb]
V  [jvm.dll+0x7b1d6a]
V  [jvm.dll+0x64a265]
C  [ucrtbase.dll+0x203ba]
C  [KERNEL32.DLL+0x17e94]
C  [ntdll.dll+0x67ad1]


---------------  P R O C E S S  ---------------

Threads class SMR info:
_java_thread_list=0x000001a32010be00, length=12, elements={
0x000001a306916780, 0x000001a3069de9c0, 0x000001a31f5ff790, 0x000001a31f615360,
0x000001a31f618c40, 0x000001a31f619500, 0x000001a31f619dc0, 0x000001a31f61a9b0,
0x000001a31f68b660, 0x000001a31f692760, 0x000001a32012cff0, 0x000001a32013a3b0
}

Java Threads: ( => current thread )
  0x000001a306916780 JavaThread "main" [_thread_in_native, id=7656, stack(0x000000030af00000,0x000000030b000000)]
  0x000001a3069de9c0 JavaThread "Reference Handler" daemon [_thread_blocked, id=2224, stack(0x000000030b600000,0x000000030b700000)]
  0x000001a31f5ff790 JavaThread "Finalizer" daemon [_thread_blocked, id=1928, stack(0x000000030b700000,0x000000030b800000)]
  0x000001a31f615360 JavaThread "Signal Dispatcher" daemon [_thread_blocked, id=9964, stack(0x000000030b800000,0x000000030b900000)]
  0x000001a31f618c40 JavaThread "Attach Listener" daemon [_thread_blocked, id=8380, stack(0x000000030b900000,0x000000030ba00000)]
  0x000001a31f619500 JavaThread "Service Thread" daemon [_thread_blocked, id=5968, stack(0x000000030ba00000,0x000000030bb00000)]
  0x000001a31f619dc0 JavaThread "Monitor Deflation Thread" daemon [_thread_blocked, id=4368, stack(0x000000030bb00000,0x000000030bc00000)]
=>0x000001a31f61a9b0 JavaThread "C2 CompilerThread0" daemon [_thread_in_native, id=10300, stack(0x000000030bc00000,0x000000030bd00000)]
  0x000001a31f68b660 JavaThread "C1 CompilerThread0" daemon [_thread_blocked, id=6004, stack(0x000000030bd00000,0x000000030be00000)]
  0x000001a31f692760 JavaThread "Sweeper thread" daemon [_thread_blocked, id=6464, stack(0x000000030be00000,0x000000030bf00000)]
  0x000001a32012cff0 JavaThread "Notification Thread" daemon [_thread_blocked, id=4860, stack(0x000000030bf00000,0x000000030c000000)]
  0x000001a32013a3b0 JavaThread "Common-Cleaner" daemon [_thread_blocked, id=4420, stack(0x000000030c100000,0x000000030c200000)]

Other Threads:
  0x000001a3069daa40 VMThread "VM Thread" [stack: 0x000000030b500000,0x000000030b600000] [id=5388]
  0x000001a32012fce0 WatcherThread [stack: 0x000000030c000000,0x000000030c100000] [id=4560]
  0x000001a306936b30 GCTaskThread "GC Thread#0" [stack: 0x000000030b000000,0x000000030b100000] [id=4144]
  0x000001a32029e5d0 GCTaskThread "GC Thread#1" [stack: 0x000000030c200000,0x000000030c300000] [id=3076]
  0x000001a306939190 ConcurrentGCThread "G1 Main Marker" [stack: 0x000000030b100000,0x000000030b200000] [id=8888]
  0x000001a306939ab0 ConcurrentGCThread "G1 Conc#0" [stack: 0x000000030b200000,0x000000030b300000] [id=9240]
  0x000001a30697d1e0 ConcurrentGCThread "G1 Refine#0" [stack: 0x000000030b300000,0x000000030b400000] [id=7208]
  0x000001a30697db10 ConcurrentGCThread "G1 Service" [stack: 0x000000030b400000,0x000000030b500000] [id=3840]

Threads with active compile tasks:
C2 CompilerThread0     2823  622       4       java.util.HashMap::putVal (300 bytes)

VM state: not at safepoint (normal execution)

VM Mutex/Monitor currently owned by a thread: None

Heap address: 0x00000000fc000000, size: 64 MB, Compressed Oops mode: 32-bit

CDS archive(s) mapped at: [0x0000000800000000-0x0000000800bc0000-0x0000000800bc0000), size 12320768, SharedBaseAddress: 0x0000000800000000, ArchiveRelocationMode: 0.
Compressed class space mapped at: 0x0000000800c00000-0x0000000840c00000, reserved size: 1073741824
Narrow klass base: 0x0000000800000000, Narrow klass shift: 0, Narrow klass range: 0x100000000

GC Precious Log:
 CPUs: 2 total, 2 available
 Memory: 6141M
 Large Page Support: Disabled
 NUMA Support: Disabled
 Compressed Oops: Enabled (32-bit)
 Heap Region Size: 1M
 Heap Min Capacity: 64M
 Heap Initial Capacity: 64M
 Heap Max Capacity: 64M
 Pre-touch: Disabled
 Parallel Workers: 2
 Concurrent Workers: 1
 Concurrent Refinement Workers: 2
 Periodic GC: Disabled

Heap:
 garbage-first heap   total 65536K, used 4138K [0x00000000fc000000, 0x0000000100000000)
  region size 1024K, 5 young (5120K), 1 survivors (1024K)
 Metaspace       used 2092K, committed 2176K, reserved 1056768K
  class space    used 201K, committed 256K, reserved 1048576K

Heap Regions: E=young(eden), S=young(survivor), O=old, HS=humongous(starts), HC=humongous(continues), CS=collection set, F=free, OA=open archive, CA=closed archive, TAMS=top-at-mark-start (previous, next)
|   0|0x00000000fc000000, 0x00000000fc100000, 0x00000000fc100000|100%| O|  |TAMS 0x00000000fc000000, 0x00000000fc000000| Untracked 
|   1|0x00000000fc100000, 0x00000000fc100000, 0x00000000fc200000|  0%| F|  |TAMS 0x00000000fc100000, 0x00000000fc100000| Untracked 
|   2|0x00000000fc200000, 0x00000000fc200000, 0x00000000fc300000|  0%| F|  |TAMS 0x00000000fc200000, 0x00000000fc200000| Untracked 
|   3|0x00000000fc300000, 0x00000000fc300000, 0x00000000fc400000|  0%| F|  |TAMS 0x00000000fc300000, 0x00000000fc300000| Untracked 
|   4|0x00000000fc400000, 0x00000000fc4a2800, 0x00000000fc500000| 63%| O|  |TAMS 0x00000000fc400000, 0x00000000fc400000| Untracked 
|   5|0x00000000fc500000, 0x00000000fc500000, 0x00000000fc600000|  0%| F|  |TAMS 0x00000000fc500000, 0x00000000fc500000| Untracked 
|   6|0x00000000fc600000, 0x00000000fc600000, 0x00000000fc700000|  0%| F|  |TAMS 0x00000000fc600000, 0x00000000fc600000| Untracked 
|   7|0x00000000fc700000, 0x00000000fc700000, 0x00000000fc800000|  0%| F|  |TAMS 0x00000000fc700000, 0x00000000fc700000| Untracked 
|   8|0x00000000fc800000, 0x00000000fc800000, 0x00000000fc900000|  0%| F|  |TAMS 0x00000000fc800000, 0x00000000fc800000| Untracked 
|   9|0x00000000fc900000, 0x00000000fc900000, 0x00000000fca00000|  0%| F|  |TAMS 0x00000000fc900000, 0x00000000fc900000| Untracked 
|  10|0x00000000fca00000, 0x00000000fca00000, 0x00000000fcb00000|  0%| F|  |TAMS 0x00000000fca00000, 0x00000000fca00000| Untracked 
|  11|0x00000000fcb00000, 0x00000000fcb00000, 0x00000000fcc00000|  0%| F|  |TAMS 0x00000000fcb00000, 0x00000000fcb00000| Untracked 
|  12|0x00000000fcc00000, 0x00000000fcc00000, 0x00000000fcd00000|  0%| F|  |TAMS 0x00000000fcc00000, 0x00000000fcc00000| Untracked 
|  13|0x00000000fcd00000, 0x00000000fcd00000, 0x00000000fce00000|  0%| F|  |TAMS 0x00000000fcd00000, 0x00000000fcd00000| Untracked 
|  14|0x00000000fce00000, 0x00000000fce00000, 0x00000000fcf00000|  0%| F|  |TAMS 0x00000000fce00000, 0x00000000fce00000| Untracked 
|  15|0x00000000fcf00000, 0x00000000fcf00000, 0x00000000fd000000|  0%| F|  |TAMS 0x00000000fcf00000, 0x00000000fcf00000| Untracked 
|  16|0x00000000fd000000, 0x00000000fd000000, 0x00000000fd100000|  0%| F|  |TAMS 0x00000000fd000000, 0x00000000fd000000| Untracked 
|  17|0x00000000fd100000, 0x00000000fd100000, 0x00000000fd200000|  0%| F|  |TAMS 0x00000000fd100000, 0x00000000fd100000| Untracked 
|  18|0x00000000fd200000, 0x00000000fd200000, 0x00000000fd300000|  0%| F|  |TAMS 0x00000000fd200000, 0x00000000fd200000| Untracked 
|  19|0x00000000fd300000, 0x00000000fd300000, 0x00000000fd400000|  0%| F|  |TAMS 0x00000000fd300000, 0x00000000fd300000| Untracked 
|  20|0x00000000fd400000, 0x00000000fd400000, 0x00000000fd500000|  0%| F|  |TAMS 0x00000000fd400000, 0x00000000fd400000| Untracked 
|  21|0x00000000fd500000, 0x00000000fd500000, 0x00000000fd600000|  0%| F|  |TAMS 0x00000000fd500000, 0x00000000fd500000| Untracked 
|  22|0x00000000fd600000, 0x00000000fd600000, 0x00000000fd700000|  0%| F|  |TAMS 0x00000000fd600000, 0x00000000fd600000| Untracked 
|  23|0x00000000fd700000, 0x00000000fd700000, 0x00000000fd800000|  0%| F|  |TAMS 0x00000000fd700000, 0x00000000fd700000| Untracked 
|  24|0x00000000fd800000, 0x00000000fd800000, 0x00000000fd900000|  0%| F|  |TAMS 0x00000000fd800000, 0x00000000fd800000| Untracked 
|  25|0x00000000fd900000, 0x00000000fd900000, 0x00000000fda00000|  0%| F|  |TAMS 0x00000000fd900000, 0x00000000fd900000| Untracked 
|  26|0x00000000fda00000, 0x00000000fda00000, 0x00000000fdb00000|  0%| F|  |TAMS 0x00000000fda00000, 0x00000000fda00000| Untracked 
|  27|0x00000000fdb00000, 0x00000000fdb00000, 0x00000000fdc00000|  0%| F|  |TAMS 0x00000000fdb00000, 0x00000000fdb00000| Untracked 
|  28|0x00000000fdc00000, 0x00000000fdc00000, 0x00000000fdd00000|  0%| F|  |TAMS 0x00000000fdc00000, 0x00000000fdc00000| Untracked 
|  29|0x00000000fdd00000, 0x00000000fdd00000, 0x00000000fde00000|  0%| F|  |TAMS 0x00000000fdd00000, 0x00000000fdd00000| Untracked 
|  30|0x00000000fde00000, 0x00000000fde00000, 0x00000000fdf00000|  0%| F|  |TAMS 0x00000000fde00000, 0x00000000fde00000| Untracked 
|  31|0x00000000fdf00000, 0x00000000fdf00000, 0x00000000fe000000|  0%| F|  |TAMS 0x00000000fdf00000, 0x00000000fdf00000| Untracked 
|  32|0x00000000fe000000, 0x00000000fe000000, 0x00000000fe100000|  0%| F|  |TAMS 0x00000000fe000000, 0x00000000fe000000| Untracked 
|  33|0x00000000fe100000, 0x00000000fe100000, 0x00000000fe200000|  0%| F|  |TAMS 0x00000000fe100000, 0x00000000fe100000| Untracked 
|  34|0x00000000fe200000, 0x00000000fe200000, 0x00000000fe300000|  0%| F|  |TAMS 0x00000000fe200000, 0x00000000fe200000| Untracked 
|  35|0x00000000fe300000, 0x00000000fe300000, 0x00000000fe400000|  0%| F|  |TAMS 0x00000000fe300000, 0x00000000fe300000| Untracked 
|  36|0x00000000fe400000, 0x00000000fe400000, 0x00000000fe500000|  0%| F|  |TAMS 0x00000000fe400000, 0x00000000fe400000| Untracked 
|  37|0x00000000fe500000, 0x00000000fe500000, 0x00000000fe600000|  0%| F|  |TAMS 0x00000000fe500000, 0x00000000fe500000| Untracked 
|  38|0x00000000fe600000, 0x00000000fe600000, 0x00000000fe700000|  0%| F|  |TAMS 0x00000000fe600000, 0x00000000fe600000| Untracked 
|  39|0x00000000fe700000, 0x00000000fe700000, 0x00000000fe800000|  0%| F|  |TAMS 0x00000000fe700000, 0x00000000fe700000| Untracked 
|  40|0x00000000fe800000, 0x00000000fe800000, 0x00000000fe900000|  0%| F|  |TAMS 0x00000000fe800000, 0x00000000fe800000| Untracked 
|  41|0x00000000fe900000, 0x00000000fe900000, 0x00000000fea00000|  0%| F|  |TAMS 0x00000000fe900000, 0x00000000fe900000| Untracked 
|  42|0x00000000fea00000, 0x00000000fea00000, 0x00000000feb00000|  0%| F|  |TAMS 0x00000000fea00000, 0x00000000fea00000| Untracked 
|  43|0x00000000feb00000, 0x00000000feb00000, 0x00000000fec00000|  0%| F|  |TAMS 0x00000000feb00000, 0x00000000feb00000| Untracked 
|  44|0x00000000fec00000, 0x00000000fec00000, 0x00000000fed00000|  0%| F|  |TAMS 0x00000000fec00000, 0x00000000fec00000| Untracked 
|  45|0x00000000fed00000, 0x00000000fed00000, 0x00000000fee00000|  0%| F|  |TAMS 0x00000000fed00000, 0x00000000fed00000| Untracked 
|  46|0x00000000fee00000, 0x00000000fee00000, 0x00000000fef00000|  0%| F|  |TAMS 0x00000000fee00000, 0x00000000fee00000| Untracked 
|  47|0x00000000fef00000, 0x00000000fef00000, 0x00000000ff000000|  0%| F|  |TAMS 0x00000000fef00000, 0x00000000fef00000| Untracked 
|  48|0x00000000ff000000, 0x00000000ff000000, 0x00000000ff100000|  0%| F|  |TAMS 0x00000000ff000000, 0x00000000ff000000| Untracked 
|  49|0x00000000ff100000, 0x00000000ff100000, 0x00000000ff200000|  0%| F|  |TAMS 0x00000000ff100000, 0x00000000ff100000| Untracked 
|  50|0x00000000ff200000, 0x00000000ff200000, 0x00000000ff300000|  0%| F|  |TAMS 0x00000000ff200000, 0x00000000ff200000| Untracked 
|  51|0x00000000ff300000, 0x00000000ff300000, 0x00000000ff400000|  0%| F|  |TAMS 0x00000000ff300000, 0x00000000ff300000| Untracked 
|  52|0x00000000ff400000, 0x00000000ff400000, 0x00000000ff500000|  0%| F|  |TAMS 0x00000000ff400000, 0x00000000ff400000| Untracked 
|  53|0x00000000ff500000, 0x00000000ff500000, 0x00000000ff600000|  0%| F|  |TAMS 0x00000000ff500000, 0x00000000ff500000| Untracked 
|  54|0x00000000ff600000, 0x00000000ff600000, 0x00000000ff700000|  0%| F|  |TAMS 0x00000000ff600000, 0x00000000ff600000| Untracked 
|  55|0x00000000ff700000, 0x00000000ff700000, 0x00000000ff800000|  0%| F|  |TAMS 0x00000000ff700000, 0x00000000ff700000| Untracked 
|  56|0x00000000ff800000, 0x00000000ff800000, 0x00000000ff900000|  0%| F|  |TAMS 0x00000000ff800000, 0x00000000ff800000| Untracked 
|  57|0x00000000ff900000, 0x00000000ff900000, 0x00000000ffa00000|  0%| F|  |TAMS 0x00000000ff900000, 0x00000000ff900000| Untracked 
|  58|0x00000000ffa00000, 0x00000000ffa683e8, 0x00000000ffb00000| 40%| S|CS|TAMS 0x00000000ffa00000, 0x00000000ffa00000| Complete 
|  59|0x00000000ffb00000, 0x00000000ffb00000, 0x00000000ffc00000|  0%| F|  |TAMS 0x00000000ffb00000, 0x00000000ffb00000| Untracked 
|  60|0x00000000ffc00000, 0x00000000ffce04f8, 0x00000000ffd00000| 87%| E|  |TAMS 0x00000000ffc00000, 0x00000000ffc00000| Complete 
|  61|0x00000000ffd00000, 0x00000000ffe00000, 0x00000000ffe00000|100%| E|CS|TAMS 0x00000000ffd00000, 0x00000000ffd00000| Complete 
|  62|0x00000000ffe00000, 0x00000000fff00000, 0x00000000fff00000|100%| E|  |TAMS 0x00000000ffe00000, 0x00000000ffe00000| Complete 
|  63|0x00000000fff00000, 0x0000000100000000, 0x0000000100000000|100%| E|CS|TAMS 0x00000000fff00000, 0x00000000fff00000| Complete 

Card table byte_map: [0x000001a304910000,0x000001a304930000] _byte_map_base: 0x000001a304130000

Marking Bits (Prev, Next): (CMBitMap*) 0x000001a306938060, (CMBitMap*) 0x000001a3069380a0
 Prev Bits: [0x000001a306500000, 0x000001a306600000)
 Next Bits: [0x000001a306600000, 0x000001a306700000)

Polling page: 0x000001a3048c0000

Metaspace:

Usage:
  Non-class:      1.85 MB used.
      Class:    201.73 KB used.
       Both:      2.04 MB used.

Virtual space:
  Non-class space:        8.00 MB reserved,       1.88 MB ( 23%) committed,  1 nodes.
      Class space:        1.00 GB reserved,     256.00 KB ( <1%) committed,  1 nodes.
             Both:        1.01 GB reserved,       2.13 MB ( <1%) committed. 

Chunk freelists:
   Non-Class:  3.56 MB
       Class:  3.66 MB
        Both:  7.22 MB

MaxMetaspaceSize: unlimited
CompressedClassSpaceSize: 1.00 GB
Initial GC threshold: 21.00 MB
Current GC threshold: 21.00 MB
CDS: on
MetaspaceReclaimPolicy: balanced
 - commit_granule_bytes: 65536.
 - commit_granule_words: 8192.
 - virtual_space_node_default_size: 1048576.
 - enlarge_chunks_in_place: 1.
 - new_chunks_are_fully_committed: 0.
 - uncommit_free_chunks: 1.
 - use_allocation_guard: 0.
 - handle_deallocations: 1.


Internal statistics:

num_allocs_failed_limit: 0.
num_arena_births: 14.
num_arena_deaths: 0.
num_vsnodes_births: 2.
num_vsnodes_deaths: 0.
num_space_committed: 34.
num_space_uncommitted: 0.
num_chunks_returned_to_freelist: 0.
num_chunks_taken_from_freelist: 52.
num_chunk_merges: 0.
num_chunk_splits: 28.
num_chunks_enlarged: 30.
num_purges: 0.
num_inconsistent_stats: 0.

CodeHeap 'non-profiled nmethods': size=120064Kb used=202Kb max_used=202Kb free=119861Kb
 bounds [0x000001a315ed0000, 0x000001a316140000, 0x000001a31d410000]
CodeHeap 'profiled nmethods': size=120000Kb used=1144Kb max_used=1144Kb free=118855Kb
 bounds [0x000001a30e410000, 0x000001a30e680000, 0x000001a315940000]
CodeHeap 'non-nmethods': size=5696Kb used=1118Kb max_used=1134Kb free=4577Kb
 bounds [0x000001a315940000, 0x000001a315bb0000, 0x000001a315ed0000]
 total_blobs=1041 nmethods=638 adapters=317
 compilation: enabled
              stopped_count=0, restarted_count=0
 full_count=0

Compilation events (20 events):
Event: 2.656 Thread 0x000001a31f68b660 nmethod 612 0x000001a30e519d10 code [0x000001a30e519ec0, 0x000001a30e51a028]
Event: 2.656 Thread 0x000001a31f68b660  613   !   3       java.util.zip.Inflater::reset (64 bytes)
Event: 2.657 Thread 0x000001a31f68b660 nmethod 613 0x000001a30e51a110 code [0x000001a30e51a2e0, 0x000001a30e51a658]
Event: 2.658 Thread 0x000001a31f68b660  615       3       java.util.zip.ZipFile::getZipEntry (322 bytes)
Event: 2.661 Thread 0x000001a31f68b660 nmethod 615 0x000001a30e51a810 code [0x000001a30e51ac80, 0x000001a30e51d338]
Event: 2.699 Thread 0x000001a31f68b660  616       3       java.io.File::<init> (47 bytes)
Event: 2.700 Thread 0x000001a31f68b660 nmethod 616 0x000001a30e51e190 code [0x000001a30e51e360, 0x000001a30e51e708]
Event: 2.701 Thread 0x000001a31f68b660  617       1       sun.nio.fs.WindowsPathParser$Result::type (5 bytes)
Event: 2.701 Thread 0x000001a31f68b660 nmethod 617 0x000001a315f01990 code [0x000001a315f01b20, 0x000001a315f01bf8]
Event: 2.701 Thread 0x000001a31f68b660  618       1       sun.nio.fs.WindowsPathParser$Result::root (5 bytes)
Event: 2.701 Thread 0x000001a31f68b660 nmethod 618 0x000001a315f01c90 code [0x000001a315f01e20, 0x000001a315f01ef8]
Event: 2.701 Thread 0x000001a31f68b660  619       1       sun.nio.fs.WindowsPathParser$Result::path (5 bytes)
Event: 2.702 Thread 0x000001a31f68b660 nmethod 619 0x000001a315f01f90 code [0x000001a315f02120, 0x000001a315f021f8]
Event: 2.703 Thread 0x000001a31f68b660  620       3       java.util.zip.ZipCoder$UTF8ZipCoder::hasTrailingSlash (20 bytes)
Event: 2.703 Thread 0x000001a31f68b660 nmethod 620 0x000001a30e51e890 code [0x000001a30e51ea20, 0x000001a30e51ebf8]
Event: 2.703 Thread 0x000001a31f68b660  621       3       java.lang.String::equalsIgnoreCase (45 bytes)
Event: 2.704 Thread 0x000001a31f68b660 nmethod 621 0x000001a30e51ed10 code [0x000001a30e51ef00, 0x000001a30e51f468]
Event: 2.706 Thread 0x000001a31f61a9b0  622       4       java.util.HashMap::putVal (300 bytes)
Event: 2.724 Thread 0x000001a31f68b660  623       1       sun.nio.fs.WindowsPath::getFileSystem (5 bytes)
Event: 2.724 Thread 0x000001a31f68b660 nmethod 623 0x000001a315f02290 code [0x000001a315f02420, 0x000001a315f024f8]

GC Heap History (4 events):
Event: 0.908 GC heap before
{Heap before GC invocations=0 (full 0):
 garbage-first heap   total 65536K, used 5120K [0x00000000fc000000, 0x0000000100000000)
  region size 1024K, 6 young (6144K), 0 survivors (0K)
 Metaspace       used 1620K, committed 1728K, reserved 1056768K
  class space    used 159K, committed 192K, reserved 1048576K
}
Event: 1.149 GC heap after
{Heap after GC invocations=1 (full 0):
 garbage-first heap   total 65536K, used 1565K [0x00000000fc000000, 0x0000000100000000)
  region size 1024K, 1 young (1024K), 1 survivors (1024K)
 Metaspace       used 1620K, committed 1728K, reserved 1056768K
  class space    used 159K, committed 192K, reserved 1048576K
}
Event: 2.452 GC heap before
{Heap before GC invocations=1 (full 0):
 garbage-first heap   total 65536K, used 8733K [0x00000000fc000000, 0x0000000100000000)
  region size 1024K, 6 young (6144K), 1 survivors (1024K)
 Metaspace       used 1781K, committed 1920K, reserved 1056768K
  class space    used 165K, committed 192K, reserved 1048576K
}
Event: 2.455 GC heap after
{Heap after GC invocations=2 (full 0):
 garbage-first heap   total 65536K, used 2090K [0x00000000fc000000, 0x0000000100000000)
  region size 1024K, 1 young (1024K), 1 survivors (1024K)
 Metaspace       used 1781K, committed 1920K, reserved 1056768K
  class space    used 165K, committed 192K, reserved 1048576K
}

Dll operation events (7 events):
Event: 0.013 Loaded shared library C:\Users\Roman\.jdks\corretto-17.0.6\bin\java.dll
Event: 0.164 Loaded shared library C:\Users\Roman\.jdks\corretto-17.0.6\bin\jsvml.dll
Event: 0.309 Loaded shared library C:\Users\Roman\.jdks\corretto-17.0.6\bin\net.dll
Event: 0.313 Loaded shared library C:\Users\Roman\.jdks\corretto-17.0.6\bin\nio.dll
Event: 0.323 Loaded shared library C:\Users\Roman\.jdks\corretto-17.0.6\bin\zip.dll
Event: 1.940 Loaded shared library C:\Users\Roman\.jdks\corretto-17.0.6\bin\jimage.dll
Event: 2.597 Loaded shared library C:\Users\Roman\.jdks\corretto-17.0.6\bin\verify.dll

Deoptimization events (20 events):
Event: 2.177 Thread 0x000001a306916780 Uncommon trap: trap_request=0xffffff45 fr.pc=0x000001a315ef3f9c relative=0x00000000000005bc
Event: 2.177 Thread 0x000001a306916780 Uncommon trap: reason=unstable_if action=reinterpret pc=0x000001a315ef3f9c method=java.util.zip.ZipFile$Source.checkAndAddEntry(II)I @ 50 c2
Event: 2.177 Thread 0x000001a306916780 DEOPT PACKING pc=0x000001a315ef3f9c sp=0x000000030affdc50
Event: 2.177 Thread 0x000001a306916780 DEOPT UNPACKING pc=0x000001a31599699d sp=0x000000030affdbc8 mode 2
Event: 2.478 Thread 0x000001a306916780 Uncommon trap: trap_request=0xffffffde fr.pc=0x000001a315ef782c relative=0x0000000000000e2c
Event: 2.478 Thread 0x000001a306916780 Uncommon trap: reason=class_check action=maybe_recompile pc=0x000001a315ef782c method=java.util.HashMap.putVal(ILjava/lang/Object;Ljava/lang/Object;ZZ)Ljava/lang/Object; @ 91 c2
Event: 2.478 Thread 0x000001a306916780 DEOPT PACKING pc=0x000001a315ef782c sp=0x000000030affa190
Event: 2.478 Thread 0x000001a306916780 DEOPT UNPACKING pc=0x000001a31599699d sp=0x000000030affa120 mode 2
Event: 2.505 Thread 0x000001a306916780 Uncommon trap: trap_request=0xffffffde fr.pc=0x000001a315ef78c0 relative=0x0000000000000ec0
Event: 2.505 Thread 0x000001a306916780 Uncommon trap: reason=class_check action=maybe_recompile pc=0x000001a315ef78c0 method=java.util.HashMap.putVal(ILjava/lang/Object;Ljava/lang/Object;ZZ)Ljava/lang/Object; @ 203 c2
Event: 2.505 Thread 0x000001a306916780 DEOPT PACKING pc=0x000001a315ef78c0 sp=0x000000030affa140
Event: 2.505 Thread 0x000001a306916780 DEOPT UNPACKING pc=0x000001a31599699d sp=0x000000030affa0d0 mode 2
Event: 2.506 Thread 0x000001a306916780 Uncommon trap: trap_request=0xffffffde fr.pc=0x000001a315ef78c0 relative=0x0000000000000ec0
Event: 2.506 Thread 0x000001a306916780 Uncommon trap: reason=class_check action=maybe_recompile pc=0x000001a315ef78c0 method=java.util.HashMap.putVal(ILjava/lang/Object;Ljava/lang/Object;ZZ)Ljava/lang/Object; @ 203 c2
Event: 2.506 Thread 0x000001a306916780 DEOPT PACKING pc=0x000001a315ef78c0 sp=0x000000030affa140
Event: 2.506 Thread 0x000001a306916780 DEOPT UNPACKING pc=0x000001a31599699d sp=0x000000030affa0d0 mode 2
Event: 2.642 Thread 0x000001a306916780 Uncommon trap: trap_request=0xffffffde fr.pc=0x000001a315ef78c0 relative=0x0000000000000ec0
Event: 2.642 Thread 0x000001a306916780 Uncommon trap: reason=class_check action=maybe_recompile pc=0x000001a315ef78c0 method=java.util.HashMap.putVal(ILjava/lang/Object;Ljava/lang/Object;ZZ)Ljava/lang/Object; @ 203 c2
Event: 2.642 Thread 0x000001a306916780 DEOPT PACKING pc=0x000001a315ef78c0 sp=0x000000030affca10
Event: 2.642 Thread 0x000001a306916780 DEOPT UNPACKING pc=0x000001a31599699d sp=0x000000030affc9a0 mode 2

Classes unloaded (0 events):
No events

Classes redefined (0 events):
No events

Internal exceptions (1 events):
Event: 0.638 Thread 0x000001a306916780 Exception <a 'java/lang/NoSuchMethodError'{0x00000000ffc14db0}: 'int java.lang.invoke.DirectMethodHandle$Holder.invokeStaticInit(java.lang.Object, java.lang.Object)'> (0x00000000ffc14db0) 
thrown [s\src\hotspot\share\interpreter\linkResolver.cpp, line 759]

VM Operations (8 events):
Event: 0.325 Executing VM operation: HandshakeAllThreads
Event: 0.325 Executing VM operation: HandshakeAllThreads done
Event: 0.908 Executing VM operation: G1CollectForAllocation
Event: 1.149 Executing VM operation: G1CollectForAllocation done
Event: 2.153 Executing VM operation: Cleanup
Event: 2.170 Executing VM operation: Cleanup done
Event: 2.451 Executing VM operation: G1CollectForAllocation
Event: 2.455 Executing VM operation: G1CollectForAllocation done

Events (20 events):
Event: 2.597 loading class java/lang/NoSuchFieldError
Event: 2.597 loading class java/lang/NoSuchFieldError done
Event: 2.604 loading class java/util/concurrent/LinkedBlockingQueue
Event: 2.605 loading class java/util/concurrent/BlockingQueue
Event: 2.605 loading class java/util/concurrent/BlockingQueue done
Event: 2.606 loading class java/util/AbstractQueue
Event: 2.608 loading class java/util/AbstractQueue done
Event: 2.608 loading class java/util/concurrent/LinkedBlockingQueue done
Event: 2.609 loading class java/util/concurrent/locks/AbstractQueuedSynchronizer$ConditionObject
Event: 2.614 loading class java/util/concurrent/locks/Condition
Event: 2.615 loading class java/util/concurrent/locks/Condition done
Event: 2.615 loading class java/util/concurrent/locks/AbstractQueuedSynchronizer$ConditionObject done
Event: 2.616 loading class java/util/concurrent/LinkedBlockingQueue$Node
Event: 2.616 loading class java/util/concurrent/LinkedBlockingQueue$Node done
Event: 2.617 loading class java/lang/SecurityException
Event: 2.617 loading class java/lang/SecurityException done
Event: 2.618 loading class java/net/URLClassLoader$3
Event: 2.619 loading class java/net/URLClassLoader$3 done
Event: 2.620 loading class java/net/URLClassLoader$3$1
Event: 2.620 loading class java/net/URLClassLoader$3$1 done


Dynamic libraries:
0x00007ff6e2850000 - 0x00007ff6e285d000 	C:\Users\Roman\.jdks\corretto-17.0.6\bin\java.exe
0x00007ffedca30000 - 0x00007ffedcc1d000 	C:\Windows\SYSTEM32\ntdll.dll
0x00007ffedc290000 - 0x00007ffedc343000 	C:\Windows\System32\KERNEL32.DLL
0x00007ffed9940000 - 0x00007ffed9bd3000 	C:\Windows\System32\KERNELBASE.dll
0x00007ffed90f0000 - 0x00007ffed91ec000 	C:\Windows\System32\ucrtbase.dll
0x00007ffecead0000 - 0x00007ffeceae7000 	C:\Users\Roman\.jdks\corretto-17.0.6\bin\jli.dll
0x00007ffecc680000 - 0x00007ffecc695000 	C:\Users\Roman\.jdks\corretto-17.0.6\bin\VCRUNTIME140.dll
0x00007ffedc7e0000 - 0x00007ffedc977000 	C:\Windows\System32\USER32.dll
0x00007ffed8e20000 - 0x00007ffed8e40000 	C:\Windows\System32\win32u.dll
0x00007ffedc360000 - 0x00007ffedc389000 	C:\Windows\System32\GDI32.dll
0x00007ffed8c20000 - 0x00007ffed8dba000 	C:\Windows\System32\gdi32full.dll
0x00007ffed9050000 - 0x00007ffed90f0000 	C:\Windows\System32\msvcp_win.dll
0x00007ffec5870000 - 0x00007ffec5ae9000 	C:\Windows\WinSxS\amd64_microsoft.windows.common-controls_6595b64144ccf1df_6.0.17763.107_none_05b63884071e656e\COMCTL32.dll
0x00007ffedbc00000 - 0x00007ffedbc9e000 	C:\Windows\System32\msvcrt.dll
0x00007ffedbf60000 - 0x00007ffedc28e000 	C:\Windows\System32\combase.dll
0x00007ffedc490000 - 0x00007ffedc5b3000 	C:\Windows\System32\RPCRT4.dll
0x00007ffed9be0000 - 0x00007ffed9c5e000 	C:\Windows\System32\bcryptPrimitives.dll
0x00007ffeda0e0000 - 0x00007ffeda10e000 	C:\Windows\System32\IMM32.DLL
0x00007ffeb31f0000 - 0x00007ffeb328b000 	C:\Users\Roman\.jdks\corretto-17.0.6\bin\msvcp140.dll
0x00007ffeaac40000 - 0x00007ffeab858000 	C:\Users\Roman\.jdks\corretto-17.0.6\bin\server\jvm.dll
0x00007ffedb600000 - 0x00007ffedb6a3000 	C:\Windows\System32\ADVAPI32.dll
0x00007ffedc3f0000 - 0x00007ffedc48e000 	C:\Windows\System32\sechost.dll
0x00007ffed58a0000 - 0x00007ffed58a9000 	C:\Windows\SYSTEM32\WSOCK32.dll
0x00007ffedb850000 - 0x00007ffedb8bd000 	C:\Windows\System32\WS2_32.dll
0x00007ffeccef0000 - 0x00007ffeccf14000 	C:\Windows\SYSTEM32\WINMM.dll
0x00007ffecb1d0000 - 0x00007ffecb1da000 	C:\Windows\SYSTEM32\VERSION.dll
0x00007ffeccec0000 - 0x00007ffecceed000 	C:\Windows\SYSTEM32\WINMMBASE.dll
0x00007ffed8b00000 - 0x00007ffed8b4a000 	C:\Windows\System32\cfgmgr32.dll
0x00007ffed8a90000 - 0x00007ffed8aa1000 	C:\Windows\System32\kernel.appcore.dll
0x00007ffecf3a0000 - 0x00007ffecf3aa000 	C:\Users\Roman\.jdks\corretto-17.0.6\bin\jimage.dll
0x00007ffeca610000 - 0x00007ffeca7fd000 	C:\Windows\SYSTEM32\DBGHELP.DLL
0x00007ffeca020000 - 0x00007ffeca04a000 	C:\Windows\SYSTEM32\dbgcore.DLL
0x00007ffecb8c0000 - 0x00007ffecb8e5000 	C:\Users\Roman\.jdks\corretto-17.0.6\bin\java.dll
0x00007ffeb25f0000 - 0x00007ffeb26c6000 	C:\Users\Roman\.jdks\corretto-17.0.6\bin\jsvml.dll
0x00007ffeda110000 - 0x00007ffedb5ff000 	C:\Windows\System32\SHELL32.dll
0x00007ffedc5c0000 - 0x00007ffedc668000 	C:\Windows\System32\shcore.dll
0x00007ffed91f0000 - 0x00007ffed9938000 	C:\Windows\System32\windows.storage.dll
0x00007ffed8ab0000 - 0x00007ffed8ad4000 	C:\Windows\System32\profapi.dll
0x00007ffed8a30000 - 0x00007ffed8a8d000 	C:\Windows\System32\powrprof.dll
0x00007ffedb7f0000 - 0x00007ffedb842000 	C:\Windows\System32\shlwapi.dll
0x00007ffed8b50000 - 0x00007ffed8b67000 	C:\Windows\System32\cryptsp.dll
0x00007ffecb8a0000 - 0x00007ffecb8b9000 	C:\Users\Roman\.jdks\corretto-17.0.6\bin\net.dll
0x00007ffed0620000 - 0x00007ffed0711000 	C:\Windows\SYSTEM32\WINHTTP.dll
0x00007ffed8260000 - 0x00007ffed82c7000 	C:\Windows\system32\mswsock.dll
0x00007ffecb5f0000 - 0x00007ffecb605000 	C:\Users\Roman\.jdks\corretto-17.0.6\bin\nio.dll
0x00007ffecad80000 - 0x00007ffecad98000 	C:\Users\Roman\.jdks\corretto-17.0.6\bin\zip.dll
0x00007ffeceac0000 - 0x00007ffecead0000 	C:\Users\Roman\.jdks\corretto-17.0.6\bin\verify.dll

dbghelp: loaded successfully - version: 4.0.5 - missing functions: none
symbol engine: initialized successfully - sym options: 0x614 - pdb path: .;C:\Users\Roman\.jdks\corretto-17.0.6\bin;C:\Windows\SYSTEM32;C:\Windows\WinSxS\amd64_microsoft.windows.common-controls_6595b64144ccf1df_6.0.17763.107_none_05b63884071e656e;C:\Users\Roman\.jdks\corretto-17.0.6\bin\server

VM Arguments:
jvm_args: -Xmx64m -Xms64m -Dorg.gradle.appname=gradlew 
java_command: org.gradle.wrapper.GradleWrapperMain build
java_class_path (initial): C:\Users\Roman\Desktop\Mods\PlayerHealthIndicators-1.18\\gradle\wrapper\gradle-wrapper.jar
Launcher Type: SUN_STANDARD

[Global flags]
     intx CICompilerCount                          = 2                                         {product} {ergonomic}
     uint ConcGCThreads                            = 1                                         {product} {ergonomic}
     uint G1ConcRefinementThreads                  = 2                                         {product} {ergonomic}
   size_t G1HeapRegionSize                         = 1048576                                   {product} {ergonomic}
    uintx GCDrainStackTargetSize                   = 64                                        {product} {ergonomic}
   size_t InitialHeapSize                          = 67108864                                  {product} {command line}
   size_t MarkStackSize                            = 4194304                                   {product} {ergonomic}
   size_t MaxHeapSize                              = 67108864                                  {product} {command line}
   size_t MaxNewSize                               = 39845888                                  {product} {ergonomic}
   size_t MinHeapDeltaBytes                        = 1048576                                   {product} {ergonomic}
   size_t MinHeapSize                              = 67108864                                  {product} {command line}
    uintx NonNMethodCodeHeapSize                   = 5826188                                {pd product} {ergonomic}
    uintx NonProfiledCodeHeapSize                  = 122916026                              {pd product} {ergonomic}
    uintx ProfiledCodeHeapSize                     = 122916026                              {pd product} {ergonomic}
    uintx ReservedCodeCacheSize                    = 251658240                              {pd product} {ergonomic}
     bool SegmentedCodeCache                       = true                                      {product} {ergonomic}
   size_t SoftMaxHeapSize                          = 67108864                               {manageable} {ergonomic}
     bool UseCompressedClassPointers               = true                           {product lp64_product} {ergonomic}
     bool UseCompressedOops                        = true                           {product lp64_product} {ergonomic}
     bool UseG1GC                                  = true                                      {product} {ergonomic}
     bool UseLargePagesIndividualAllocation        = false                                  {pd product} {ergonomic}

Logging:
Log output configuration:
 #0: stdout all=warning uptime,level,tags
 #1: stderr all=off uptime,level,tags

Environment Variables:
JAVA_HOME=C:\Users\Roman\.jdks\corretto-17.0.6
CLASSPATH=C:\Users\Roman\Desktop\Mods\PlayerHealthIndicators-1.18\\gradle\wrapper\gradle-wrapper.jar
PATH=C:\Program Files\Eclipse Adoptium\jdk-8.0.352.8-hotspot\bin;C:\Program Files (x86)\Common Files\Oracle\Java\javapath;C:\ProgramData\Oracle\Java\javapath;C:\Windows\system32;C:\Windows;C:\Windows\System32\Wbem;C:\Windows\System32\WindowsPowerShell\v1.0\;C:\Windows\System32\OpenSSH\;C:\Program Files (x86)\Common Files\Acronis\SnapAPI\;C:\Program Files\dotnet\;C:\Program Files\Git\cmd;C:\Users\Roman\AppData\Local\Programs\Python\Python311\Scripts\;C:\Users\Roman\AppData\Local\Programs\Python\Python311\;C:\Users\Roman\AppData\Local\Microsoft\WindowsApps;C:\Program Files\JetBrains\IntelliJ IDEA Community Edition 2022.2.2\bin;;C:\Users\Roman\AppData\Local\Programs\Microsoft VS Code\bin;C:\Program Files\JetBrains\IntelliJ IDEA 2020.1.4\bin;;C:\Users\Roman\.dotnet\tools
USERNAME=Roman
OS=Windows_NT
PROCESSOR_IDENTIFIER=AMD64 Family 16 Model 6 Stepping 3, AuthenticAMD
TMP=C:\Users\Roman\AppData\Local\Temp
TEMP=C:\Users\Roman\AppData\Local\Temp



---------------  S Y S T E M  ---------------

OS:
 Windows 10 , 64 bit Build 17763 (10.0.17763.1)
OS uptime: 2 days 23:51 hours

CPU: total 2 (initial active 2) (2 cores per cpu, 1 threads per core) family 16 model 6 stepping 3 microcode 0x0, cx8, cmov, fxsr, mmx, 3dnowpref, sse, sse2, sse3, sse4a, popcnt, lzcnt, tsc, tscinvbit, clflush

Memory: 4k page, system-wide physical 6141M (499M free)
TotalPageFile size 6941M (AvailPageFile size 3M)
current process WorkingSet (physical memory assigned to process): 49M, peak: 49M
current process commit charge ("private bytes"): 139M, peak: 139M

vm_info: OpenJDK 64-Bit Server VM (17.0.6+10-LTS) for windows-amd64 JRE (17.0.6+10-LTS), built on Jan 13 2023 22:57:04 by "Administrator" with MS VC++ 15.9 (VS2017)

END.
